[0m18:06:19.009609 [debug] [MainThread]: Sending event: {'category': 'dbt', 'action': 'invocation', 'label': 'start', 'context': [<snowplow_tracker.self_describing_json.SelfDescribingJson object at 0x1093a34d0>, <snowplow_tracker.self_describing_json.SelfDescribingJson object at 0x109795050>, <snowplow_tracker.self_describing_json.SelfDescribingJson object at 0x109795850>]}


============================== 18:06:19.013603 | 9d5f430b-1862-4d70-bb17-a459585de9c7 ==============================
[0m18:06:19.013603 [info ] [MainThread]: Running with dbt=1.11.5
[0m18:06:19.013997 [debug] [MainThread]: running dbt with arguments {'use_colors': 'True', 'no_print': 'None', 'empty': 'None', 'warn_error_options': 'WarnErrorOptionsV2(error=[], warn=[], silence=[])', 'send_anonymous_usage_stats': 'True', 'log_cache_events': 'False', 'quiet': 'False', 'use_experimental_parser': 'False', 'target_path': 'None', 'partial_parse': 'True', 'invocation_command': 'dbt init', 'write_json': 'True', 'log_format': 'default', 'indirect_selection': 'eager', 'log_path': 'logs', 'profiles_dir': '/Users/ktchana/.dbt', 'debug': 'False', 'version_check': 'True', 'warn_error': 'None', 'printer_width': '80', 'fail_fast': 'False', 'static_parser': 'True', 'cache_selected_only': 'False', 'introspect': 'True'}
[0m18:06:19.026802 [info ] [MainThread]: Creating dbt configuration folder at /Users/ktchana/.dbt
[0m18:08:21.508132 [debug] [MainThread]: Starter project path: /Users/ktchana/.pyenv/versions/3.11.3/envs/dbt-txn-demo/lib/python3.11/site-packages/dbt/include/starter_project
[0m18:08:21.532265 [info ] [MainThread]: 
Your new dbt project "dbt_txn_demo" was created!

For more information on how to configure the profiles.yml file,
please consult the dbt documentation here:

  https://docs.getdbt.com/docs/configure-your-profile

One more thing:

Need help? Don't hesitate to reach out to us via GitHub issues or on Slack:

  https://community.getdbt.com/

Happy modeling!

[0m18:08:21.533559 [info ] [MainThread]: Setting up your profile.
[0m18:11:11.272351 [info ] [MainThread]: Profile dbt_txn_demo written to /Users/ktchana/.dbt/profiles.yml using target's profile_template.yml and your supplied values. Run 'dbt debug' to validate the connection.
[0m18:11:11.297310 [debug] [MainThread]: Resource report: {"command_name": "init", "command_success": true, "command_wall_clock_time": 292.34714, "process_in_blocks": "0", "process_kernel_time": 1.816245, "process_mem_max_rss": "362119168", "process_out_blocks": "0", "process_user_time": 3.42796}
[0m18:11:11.303280 [debug] [MainThread]: Command `dbt init` succeeded at 18:11:11.301717 after 292.35 seconds
[0m18:11:11.305252 [debug] [MainThread]: Sending event: {'category': 'dbt', 'action': 'invocation', 'label': 'end', 'context': [<snowplow_tracker.self_describing_json.SelfDescribingJson object at 0x1007c7a90>, <snowplow_tracker.self_describing_json.SelfDescribingJson object at 0x109775990>, <snowplow_tracker.self_describing_json.SelfDescribingJson object at 0x1093a3290>]}
[0m18:11:11.306201 [debug] [MainThread]: Flushing usage events
[0m18:11:11.684284 [debug] [MainThread]: An error was encountered while trying to flush usage events
